  practice.c
C:\Users\leeja\OneDrive\바탕 화면\학교\동국대학교\CAPS\2024_1\STUDY\practice\practice\practice.c(10,22): warning C4013: 'rand'이(가) 정의되지 않았습니다. extern은 int형을 반환하는 것으로 간주합니다.
C:\Users\leeja\OneDrive\바탕 화면\학교\동국대학교\CAPS\2024_1\STUDY\practice\practice\practice.c(42,5): warning C4013: 'srand'이(가) 정의되지 않았습니다. extern은 int형을 반환하는 것으로 간주합니다.
C:\Users\leeja\OneDrive\바탕 화면\학교\동국대학교\CAPS\2024_1\STUDY\practice\practice\practice.c(43,20): warning C4047: '함수': 'int *'의 간접 참조 수준이 'int [5][5]'과(와) 다릅니다.
C:\Users\leeja\OneDrive\바탕 화면\학교\동국대학교\CAPS\2024_1\STUDY\practice\practice\practice.c(43,20): warning C4024: 'generateMatrix': 형식 및 실제 매개 변수 1의 형식이 서로 다릅니다.
C:\Users\leeja\OneDrive\바탕 화면\학교\동국대학교\CAPS\2024_1\STUDY\practice\practice\practice.c(44,20): warning C4047: '함수': 'int *'의 간접 참조 수준이 'int [5][5]'과(와) 다릅니다.
C:\Users\leeja\OneDrive\바탕 화면\학교\동국대학교\CAPS\2024_1\STUDY\practice\practice\practice.c(44,20): warning C4024: 'generateMatrix': 형식 및 실제 매개 변수 1의 형식이 서로 다릅니다.
C:\Users\leeja\OneDrive\바탕 화면\학교\동국대학교\CAPS\2024_1\STUDY\practice\practice\practice.c(47,17): warning C4047: '함수': 'int *'의 간접 참조 수준이 'int [5][5]'과(와) 다릅니다.
C:\Users\leeja\OneDrive\바탕 화면\학교\동국대학교\CAPS\2024_1\STUDY\practice\practice\practice.c(47,17): warning C4024: 'printMatrix': 형식 및 실제 매개 변수 1의 형식이 서로 다릅니다.
C:\Users\leeja\OneDrive\바탕 화면\학교\동국대학교\CAPS\2024_1\STUDY\practice\practice\practice.c(50,17): warning C4047: '함수': 'int *'의 간접 참조 수준이 'int [5][5]'과(와) 다릅니다.
C:\Users\leeja\OneDrive\바탕 화면\학교\동국대학교\CAPS\2024_1\STUDY\practice\practice\practice.c(50,17): warning C4024: 'printMatrix': 형식 및 실제 매개 변수 1의 형식이 서로 다릅니다.
C:\Users\leeja\OneDrive\바탕 화면\학교\동국대학교\CAPS\2024_1\STUDY\practice\practice\practice.c(52,20): warning C4047: '함수': 'int *'의 간접 참조 수준이 'int [5][5]'과(와) 다릅니다.
C:\Users\leeja\OneDrive\바탕 화면\학교\동국대학교\CAPS\2024_1\STUDY\practice\practice\practice.c(52,20): warning C4024: 'multiplyMatrix': 형식 및 실제 매개 변수 1의 형식이 서로 다릅니다.
C:\Users\leeja\OneDrive\바탕 화면\학교\동국대학교\CAPS\2024_1\STUDY\practice\practice\practice.c(52,26): warning C4047: '함수': 'int *'의 간접 참조 수준이 'int [5][5]'과(와) 다릅니다.
C:\Users\leeja\OneDrive\바탕 화면\학교\동국대학교\CAPS\2024_1\STUDY\practice\practice\practice.c(52,26): warning C4024: 'multiplyMatrix': 형식 및 실제 매개 변수 2의 형식이 서로 다릅니다.
C:\Users\leeja\OneDrive\바탕 화면\학교\동국대학교\CAPS\2024_1\STUDY\practice\practice\practice.c(52,32): warning C4047: '함수': 'int *'의 간접 참조 수준이 'int [5][5]'과(와) 다릅니다.
C:\Users\leeja\OneDrive\바탕 화면\학교\동국대학교\CAPS\2024_1\STUDY\practice\practice\practice.c(52,32): warning C4024: 'multiplyMatrix': 형식 및 실제 매개 변수 3의 형식이 서로 다릅니다.
C:\Users\leeja\OneDrive\바탕 화면\학교\동국대학교\CAPS\2024_1\STUDY\practice\practice\practice.c(54,17): warning C4047: '함수': 'int *'의 간접 참조 수준이 'int [5][5]'과(와) 다릅니다.
C:\Users\leeja\OneDrive\바탕 화면\학교\동국대학교\CAPS\2024_1\STUDY\practice\practice\practice.c(54,17): warning C4024: 'printMatrix': 형식 및 실제 매개 변수 1의 형식이 서로 다릅니다.
  practice.vcxproj -> C:\Users\leeja\OneDrive\바탕 화면\학교\동국대학교\CAPS\2024_1\STUDY\practice\x64\Debug\practice.exe
